This is pdfTeX, Version 3.141592-1.40.4 (MiKTeX 2.7 Beta 4) (preloaded format=pdflatex 2007.10.28)  13 NOV 2007 22:36
entering extended mode
**F:/Gael/Professionel/CVs*latex/curve/cv.tex
("F:/Gael/Professionel/CVs latex/curve/cv.tex"
LaTeX2e <2005/12/01>
Babel <v3.8h> and hyphenation patterns for english, dumylang, nohyphenation, ge
rman, ngerman, french, loaded.
("E:\Program Files\MiKTeX 2.7\tex\latex\curve\curve.cls"
Document Class: curve 2007/07/18 v1.13 Curriculum Vitae class for LaTeX2e
("E:\Program Files\MiKTeX 2.7\tex\latex\carlisle\ltxtable.sty"
Package: ltxtable 1995/12/11 v0.2 longtable/tabularx merge (DPC)

("E:\Program Files\MiKTeX 2.7\tex\latex\tools\tabularx.sty"
Package: tabularx 1999/01/07 v2.07 `tabularx' package (DPC)

("E:\Program Files\MiKTeX 2.7\tex\latex\tools\array.sty"
Package: array 2005/08/23 v2.4b Tabular extension package (FMi)
\col@sep=\dimen102
\extrarowheight=\dimen103
\NC@list=\toks14
\extratabsurround=\skip41
\backup@length=\skip42
)
\TX@col@width=\dimen104
\TX@old@table=\dimen105
\TX@old@col=\dimen106
\TX@target=\dimen107
\TX@delta=\dimen108
\TX@cols=\count79
\TX@ftn=\toks15
)
("E:\Program Files\MiKTeX 2.7\tex\latex\tools\longtable.sty"
Package: longtable 2004/02/01 v4.11 Multi-page Table package (DPC)
\LTleft=\skip43
\LTright=\skip44
\LTpre=\skip45
\LTpost=\skip46
\LTchunksize=\count80
\LTcapwidth=\dimen109
\LT@head=\box26
\LT@firsthead=\box27
\LT@foot=\box28
\LT@lastfoot=\box29
\LT@cols=\count81
\LT@rows=\count82
\c@LT@tables=\count83
\c@LT@chunks=\count84
\c@table=\count85
\LT@p@ftn=\toks16
))
("E:\Program Files\MiKTeX 2.7\tex\latex\tools\calc.sty"
Package: calc 2005/08/06 v4.2 Infix arithmetic (KKT,FJ)
\calc@Acount=\count86
\calc@Bcount=\count87
\calc@Adimen=\dimen110
\calc@Bdimen=\dimen111
\calc@Askip=\skip47
\calc@Bskip=\skip48
LaTeX Info: Redefining \setlength on input line 75.
LaTeX Info: Redefining \addtolength on input line 76.
\calc@Ccount=\count88
\calc@Cskip=\skip49
)
\subrubricbeforespace=\skip50
\subrubricspace=\skip51
\@almosttextwidth=\skip52
\rubricspace=\skip53
\rubricafterspace=\skip54
\headerspace=\skip55
\photosep=\skip56
\photo@width=\skip57
\leftheader@width=\skip58
\rightheader@width=\skip59
\titlespace=\skip60
\c@bibcount=\count89

("E:\Program Files\MiKTeX 2.7\tex\latex\base\size10.clo"
File: size10.clo 2005/09/16 v1.4f Standard LaTeX file (size option)
))
No file cv.aux.
LaTeX Font Info:    Checking defaults for OML/cmm/m/it on input line 35.
LaTeX Font Info:    ... okay on input line 35.
LaTeX Font Info:    Checking defaults for T1/cmr/m/n on input line 35.
LaTeX Font Info:    ... okay on input line 35.
LaTeX Font Info:    Checking defaults for OT1/cmr/m/n on input line 35.
LaTeX Font Info:    ... okay on input line 35.
LaTeX Font Info:    Checking defaults for OMS/cmsy/m/n on input line 35.
LaTeX Font Info:    ... okay on input line 35.
LaTeX Font Info:    Checking defaults for OMX/cmex/m/n on input line 35.
LaTeX Font Info:    ... okay on input line 35.
LaTeX Font Info:    Checking defaults for U/cmr/m/n on input line 35.
LaTeX Font Info:    ... okay on input line 35.
(rubric.tex ("E:\Program Files\MiKTeX 2.7\tex\latex\base\omscmr.fd"))
(rubric.tex) (rubric.tex) [1

{C:/Users/Gael/AppData/Local/MiKTeX/2.7/pdftex/config/pdftex.map}] (cv.aux) ) 
Here is how much of TeX's memory you used:
 509 strings out of 95351
 5868 string characters out of 1184457
 57871 words of memory out of 1500000
 3750 multiletter control sequences out of 110000
 5844 words of font info for 21 fonts, out of 1200000 for 2000
 14 hyphenation exceptions out of 8191
 35i,6n,21p,207b,236s stack positions out of 5000i,500n,10000p,200000b,5000s
<E
:/Program Files/MiKTeX 2.7/fonts/type1/bluesky/cm/cmbx12.pfb><E:/Program Files/
MiKTeX 2.7/fonts/type1/bluesky/cm/cmr10.pfb><E:/Program Files/MiKTeX 2.7/fonts/
type1/bluesky/cm/cmsy10.pfb><E:/Program Files/MiKTeX 2.7/fonts/type1/bluesky/cm
/cmti12.pfb>
Output written on cv.pdf (1 page, 24429 bytes).
PDF statistics:
 22 PDF objects out of 1000 (max. 8388607)
 0 named destinations out of 1000 (max. 131072)
 1 words of extra memory for PDF output out of 10000 (max. 10000000)

