This is pdfTeX, Version 3.1415926-1.40.10 (MiKTeX 2.8) (preloaded format=pdflatex 2012.1.18)  13 JUN 2014 18:14
entering extended mode
**CV.tex
("F:\Gael\CVs latex\Latex Sources - Quant\CV.tex"
LaTeX2e <2009/09/24>
Babel <v3.8l> and hyphenation patterns for english, german, ngerman, german-x-2
009-06-19, ngerman-x-2009-06-19, french, loaded.
(C:\Users\gael\AppData\Roaming\MiKTeX\2.8\tex\latex\curve\curve.cls
Document Class: curve 2010/12/14 v1.16 Curriculum Vitae class for LaTeX2e
("e:\Program Files (x86)\MiKTeX 2.8\tex\latex\carlisle\ltxtable.sty"
Package: ltxtable 1995/12/11 v0.2 longtable/tabularx merge (DPC)

("e:\Program Files (x86)\MiKTeX 2.8\tex\latex\tools\tabularx.sty"
Package: tabularx 1999/01/07 v2.07 `tabularx' package (DPC)

("e:\Program Files (x86)\MiKTeX 2.8\tex\latex\tools\array.sty"
Package: array 2008/09/09 v2.4c Tabular extension package (FMi)
\col@sep=\dimen102
\extrarowheight=\dimen103
\NC@list=\toks14
\extratabsurround=\skip41
\backup@length=\skip42
)
\TX@col@width=\dimen104
\TX@old@table=\dimen105
\TX@old@col=\dimen106
\TX@target=\dimen107
\TX@delta=\dimen108
\TX@cols=\count79
\TX@ftn=\toks15
)
("e:\Program Files (x86)\MiKTeX 2.8\tex\latex\tools\longtable.sty"
Package: longtable 2004/02/01 v4.11 Multi-page Table package (DPC)
\LTleft=\skip43
\LTright=\skip44
\LTpre=\skip45
\LTpost=\skip46
\LTchunksize=\count80
\LTcapwidth=\dimen109
\LT@head=\box26
\LT@firsthead=\box27
\LT@foot=\box28
\LT@lastfoot=\box29
\LT@cols=\count81
\LT@rows=\count82
\c@LT@tables=\count83
\c@LT@chunks=\count84
\c@table=\count85
\LT@p@ftn=\toks16
))
("e:\Program Files (x86)\MiKTeX 2.8\tex\latex\base\ifthen.sty"
Package: ifthen 2001/05/26 v1.1c Standard LaTeX ifthen package (DPC)
)
("e:\Program Files (x86)\MiKTeX 2.8\tex\latex\tools\calc.sty"
Package: calc 2007/08/22 v4.3 Infix arithmetic (KKT,FJ)
\calc@Acount=\count86
\calc@Bcount=\count87
\calc@Adimen=\dimen110
\calc@Bdimen=\dimen111
\calc@Askip=\skip47
\calc@Bskip=\skip48
LaTeX Info: Redefining \setlength on input line 76.
LaTeX Info: Redefining \addtolength on input line 77.
\calc@Ccount=\count88
\calc@Cskip=\skip49
)
(C:\Users\gael\AppData\Roaming\MiKTeX\2.8\tex\latex\filehook\filehook.sty
Package: filehook 2011/01/09 v0.5 Hooks for input files
)
\@almosttextwidth=\skip50
\subrubricbeforespace=\skip51
\subrubricspace=\skip52
\rubricspace=\skip53
\rubricafterspace=\skip54
\headerspace=\skip55
\photosep=\skip56
\photo@width=\skip57
\leftheader@width=\skip58
\rightheader@width=\skip59
\titlespace=\skip60
\c@bibcount=\count89
\c@bibtotal=\count90

("e:\Program Files (x86)\MiKTeX 2.8\tex\latex\base\size10.clo"
File: size10.clo 2007/10/19 v1.4h Standard LaTeX file (size option)
))
("e:\Program Files (x86)\MiKTeX 2.8\tex\latex\geometry\geometry.sty"
Package: geometry 2010/03/13 v5.3 Page Geometry

("e:\Program Files (x86)\MiKTeX 2.8\tex\latex\graphics\keyval.sty"
Package: keyval 1999/03/16 v1.13 key=value parser (DPC)
\KV@toks@=\toks17
)
("e:\Program Files (x86)\MiKTeX 2.8\tex\generic\oberdiek\ifpdf.sty"
Package: ifpdf 2010/01/28 v2.1 Provides the ifpdf switch (HO)
Package ifpdf Info: pdfTeX in pdf mode detected.
)
("e:\Program Files (x86)\MiKTeX 2.8\tex\generic\oberdiek\ifvtex.sty"
Package: ifvtex 2010/03/01 v1.5 Switches for detecting VTeX and its modes (HO)
Package ifvtex Info: VTeX not detected.
)
\Gm@cnth=\count91
\Gm@cntv=\count92
\c@Gm@tempcnt=\count93
\Gm@bindingoffset=\dimen112
\Gm@wd@mp=\dimen113
\Gm@odd@mp=\dimen114
\Gm@even@mp=\dimen115
\Gm@layoutwidth=\dimen116
\Gm@layoutheight=\dimen117
\Gm@layouthoffset=\dimen118
\Gm@layoutvoffset=\dimen119
\Gm@dimlist=\toks18

("e:\Program Files (x86)\MiKTeX 2.8\tex\latex\geometry\geometry.cfg"))
(C:\Users\gael\AppData\Roaming\MiKTeX\2.8\tex\latex\floatflt\floatflt.sty
Package: floatflt 1997/07/16 v. 1.31
\c@OptionTest=\count94
\figbox=\box30
\tabbox=\box31
\pagebox=\box32
\ffigcount=\count95
\ftabcount=\count96
\fftest=\count97
\hangcount=\count98
\nosuccesstryfig=\count99
\nosuccesstrytab=\count100
\figgutter=\dimen120
\tabgutter=\dimen121
\htdone=\dimen122
\pageht=\dimen123
\startpageht=\dimen124
\tabbredd=\dimen125
\floatfltwidth=\dimen126
\fltitemwidth=\dimen127
\outputpretest=\toks19
)
("e:\Program Files (x86)\MiKTeX 2.8\tex\generic\babel\babel.sty"
Package: babel 2008/07/06 v3.8l The Babel package

*************************************
* Local config file bblopts.cfg used
*
("e:\Program Files (x86)\MiKTeX 2.8\tex\latex\00miktex\bblopts.cfg"
File: bblopts.cfg 2006/07/31 v1.0 MiKTeX 'babel' configuration
)
("e:\Program Files (x86)\MiKTeX 2.8\tex\generic\babel\english.ldf"
Language: english 2005/03/30 v3.3o English support from the babel system

("e:\Program Files (x86)\MiKTeX 2.8\tex\generic\babel\babel.def"
File: babel.def 2008/07/06 v3.8l Babel common definitions
\babel@savecnt=\count101
\U@D=\dimen128
)
\l@canadian = a dialect from \language\l@american 
\l@australian = a dialect from \language\l@british 
\l@newzealand = a dialect from \language\l@british 
))
("e:\Program Files (x86)\MiKTeX 2.8\tex\latex\base\inputenc.sty"
Package: inputenc 2008/03/30 v1.1d Input encoding file
\inpenc@prehook=\toks20
\inpenc@posthook=\toks21

("e:\Program Files (x86)\MiKTeX 2.8\tex\latex\base\latin1.def"
File: latin1.def 2008/03/30 v1.1d Input encoding file
))
("e:\Program Files (x86)\MiKTeX 2.8\tex\latex\base\fontenc.sty"
Package: fontenc 2005/09/27 v1.99g Standard LaTeX package

("e:\Program Files (x86)\MiKTeX 2.8\tex\latex\base\t1enc.def"
File: t1enc.def 2005/09/27 v1.99g Standard LaTeX file
LaTeX Font Info:    Redeclaring font encoding T1 on input line 43.
))
("e:\Program Files (x86)\MiKTeX 2.8\tex\latex\psnfss\palatino.sty"
Package: palatino 2005/04/12 PSNFSS-v9.2a (SPQR) 
)
("e:\Program Files (x86)\MiKTeX 2.8\tex\latex\graphics\graphicx.sty"
Package: graphicx 1999/02/16 v1.0f Enhanced LaTeX Graphics (DPC,SPQR)

("e:\Program Files (x86)\MiKTeX 2.8\tex\latex\graphics\graphics.sty"
Package: graphics 2009/02/05 v1.0o Standard LaTeX Graphics (DPC,SPQR)

("e:\Program Files (x86)\MiKTeX 2.8\tex\latex\graphics\trig.sty"
Package: trig 1999/03/16 v1.09 sin cos tan (DPC)
)
("e:\Program Files (x86)\MiKTeX 2.8\tex\latex\00miktex\graphics.cfg"
File: graphics.cfg 2007/01/18 v1.5 graphics configuration of teTeX/TeXLive
)
Package graphics Info: Driver file: pdftex.def on input line 91.

("e:\Program Files (x86)\MiKTeX 2.8\tex\latex\pdftex-def\pdftex.def"
File: pdftex.def 2010/02/14 v0.04n Graphics/color for pdfTeX
\Gread@gobject=\count102
))
\Gin@req@height=\dimen129
\Gin@req@width=\dimen130
)
("e:\Program Files (x86)\MiKTeX 2.8\tex\latex\hyperref\hyperref.sty"
Package: hyperref 2010/05/10 v6.81b Hypertext links for LaTeX

("e:\Program Files (x86)\MiKTeX 2.8\tex\generic\oberdiek\ltxcmds.sty"
Package: ltxcmds 2010/04/26 v1.7 LaTeX kernel commands for general use (HO)
)
("e:\Program Files (x86)\MiKTeX 2.8\tex\generic\oberdiek\kvsetkeys.sty"
Package: kvsetkeys 2010/03/01 v1.9 Key value parser (HO)

("e:\Program Files (x86)\MiKTeX 2.8\tex\generic\oberdiek\infwarerr.sty"
Package: infwarerr 2010/04/08 v1.3 Providing info/warning/message (HO)
)
("e:\Program Files (x86)\MiKTeX 2.8\tex\generic\oberdiek\etexcmds.sty"
Package: etexcmds 2010/01/28 v1.3 Prefix for e-TeX command names (HO)
Package etexcmds Info: Could not find \expanded.
(etexcmds)             That can mean that you are not using pdfTeX 1.50 or
(etexcmds)             that some package has redefined \expanded.
(etexcmds)             In the latter case, load this package earlier.
))
("e:\Program Files (x86)\MiKTeX 2.8\tex\generic\oberdiek\pdfescape.sty"
Package: pdfescape 2010/03/01 v1.9 Provides hex, PDF name and string conversion
s (HO)

("e:\Program Files (x86)\MiKTeX 2.8\tex\generic\oberdiek\pdftexcmds.sty"
Package: pdftexcmds 2010/04/01 v0.9 Utility functions of pdfTeX for LuaTeX (HO)


("e:\Program Files (x86)\MiKTeX 2.8\tex\generic\oberdiek\ifluatex.sty"
Package: ifluatex 2010/03/01 v1.3 Provides the ifluatex switch (HO)
Package ifluatex Info: LuaTeX not detected.
)
Package pdftexcmds Info: LuaTeX not detected.
Package pdftexcmds Info: \pdf@primitive is available.
Package pdftexcmds Info: \pdf@ifprimitive is available.
))
("e:\Program Files (x86)\MiKTeX 2.8\tex\latex\ifxetex\ifxetex.sty"
Package: ifxetex 2009/01/23 v0.5 Provides ifxetex conditional
)
("e:\Program Files (x86)\MiKTeX 2.8\tex\latex\oberdiek\hycolor.sty"
Package: hycolor 2009/12/12 v1.6 Color options of hyperref/bookmark (HO)

("e:\Program Files (x86)\MiKTeX 2.8\tex\latex\oberdiek\xcolor-patch.sty"
Package: xcolor-patch 2009/12/12 xcolor patch
))
("e:\Program Files (x86)\MiKTeX 2.8\tex\latex\oberdiek\letltxmacro.sty"
Package: letltxmacro 2008/06/24 v1.3 Let assignment for LaTeX macros (HO)
)
\@linkdim=\dimen131
\Hy@linkcounter=\count103
\Hy@pagecounter=\count104

("e:\Program Files (x86)\MiKTeX 2.8\tex\latex\hyperref\pd1enc.def"
File: pd1enc.def 2010/05/10 v6.81b Hyperref: PDFDocEncoding definition (HO)
)
("e:\Program Files (x86)\MiKTeX 2.8\tex\generic\oberdiek\intcalc.sty"
Package: intcalc 2007/09/27 v1.1 Expandable integer calculations (HO)
)
("e:\Program Files (x86)\MiKTeX 2.8\tex\latex\00miktex\hyperref.cfg"
File: hyperref.cfg 2002/06/06 v1.2 hyperref configuration of TeXLive
)
("e:\Program Files (x86)\MiKTeX 2.8\tex\latex\oberdiek\kvoptions.sty"
Package: kvoptions 2010/02/22 v3.7 Keyval support for LaTeX options (HO)
)
Package hyperref Info: Option `colorlinks' set `true' on input line 3558.
Package hyperref Info: Hyper figures OFF on input line 3639.
Package hyperref Info: Link nesting OFF on input line 3644.
Package hyperref Info: Hyper index ON on input line 3647.
Package hyperref Info: Plain pages OFF on input line 3654.
Package hyperref Info: Backreferencing OFF on input line 3659.

Implicit mode ON; LaTeX internals redefined
Package hyperref Info: Bookmarks ON on input line 3855.
("e:\Program Files (x86)\MiKTeX 2.8\tex\latex\ltxmisc\url.sty"
\Urlmuskip=\muskip10
Package: url 2006/04/12  ver 3.3  Verb mode for urls, etc.
)
LaTeX Info: Redefining \url on input line 4140.

("e:\Program Files (x86)\MiKTeX 2.8\tex\generic\oberdiek\bitset.sty"
Package: bitset 2007/09/28 v1.0 Data type bit set (HO)

("e:\Program Files (x86)\MiKTeX 2.8\tex\generic\oberdiek\bigintcalc.sty"
Package: bigintcalc 2007/11/11 v1.1 Expandable big integer calculations (HO)
))
\Fld@menulength=\count105
\Field@Width=\dimen132
\Fld@charsize=\dimen133
\Field@toks=\toks22
Package hyperref Info: Hyper figures OFF on input line 5118.
Package hyperref Info: Link nesting OFF on input line 5123.
Package hyperref Info: Hyper index ON on input line 5126.
Package hyperref Info: backreferencing OFF on input line 5133.
Package hyperref Info: Link coloring ON on input line 5136.
Package hyperref Info: Link coloring with OCG OFF on input line 5143.
Package hyperref Info: PDF/A mode OFF on input line 5148.
LaTeX Info: Redefining \ref on input line 5188.
LaTeX Info: Redefining \pageref on input line 5192.

("e:\Program Files (x86)\MiKTeX 2.8\tex\generic\oberdiek\atbegshi.sty"
Package: atbegshi 2010/03/25 v1.12 At begin shipout hook (HO)
)
\Hy@abspage=\count106
\c@Item=\count107
)
* hyperref using default driver hpdftex *
("e:\Program Files (x86)\MiKTeX 2.8\tex\latex\hyperref\hpdftex.def"
File: hpdftex.def 2010/05/10 v6.81b Hyperref driver for pdfTeX

("e:\Program Files (x86)\MiKTeX 2.8\tex\latex\oberdiek\atveryend.sty"
Package: atveryend 2010/03/24 v1.5 Hooks at very end of document (HO)
Package atveryend Info: \enddocument detected (standard).
)
\Fld@listcount=\count108
\c@bookmark@seq@number=\count109

("e:\Program Files (x86)\MiKTeX 2.8\tex\latex\oberdiek\rerunfilecheck.sty"
Package: rerunfilecheck 2010/03/16 v1.6 Rerun checks for auxiliary files (HO)

("e:\Program Files (x86)\MiKTeX 2.8\tex\generic\oberdiek\uniquecounter.sty"
Package: uniquecounter 2009/12/18 v1.1 Provides unlimited unique counter (HO)
)
Package uniquecounter Info: New unique counter `rerunfilecheck' on input line 2
71.
)
\Hy@SectionHShift=\skip61
)
("e:\Program Files (x86)\MiKTeX 2.8\tex\latex\psnfss\pifont.sty"
Package: pifont 2005/04/12 PSNFSS-v9.2a Pi font support (SPQR) 
LaTeX Font Info:    Try loading font information for U+pzd on input line 63.

("e:\Program Files (x86)\MiKTeX 2.8\tex\latex\psnfss\upzd.fd"
File: upzd.fd 2001/06/04 font definitions for U/pzd.
)
LaTeX Font Info:    Try loading font information for U+psy on input line 64.

("e:\Program Files (x86)\MiKTeX 2.8\tex\latex\psnfss\upsy.fd"
File: upsy.fd 2001/06/04 font definitions for U/psy.
))
("e:\Program Files (x86)\MiKTeX 2.8\tex\latex\graphics\color.sty"
Package: color 2005/11/14 v1.0j Standard LaTeX Color (DPC)

("e:\Program Files (x86)\MiKTeX 2.8\tex\latex\00miktex\color.cfg"
File: color.cfg 2007/01/18 v1.5 color configuration of teTeX/TeXLive
)
Package color Info: Driver file: pdftex.def on input line 130.
)
("F:\Gael\CVs latex\Latex Sources - Quant\CV.aux")
LaTeX Font Info:    Checking defaults for OML/cmm/m/it on input line 121.
LaTeX Font Info:    ... okay on input line 121.
LaTeX Font Info:    Checking defaults for T1/cmr/m/n on input line 121.
LaTeX Font Info:    ... okay on input line 121.
LaTeX Font Info:    Checking defaults for OT1/cmr/m/n on input line 121.
LaTeX Font Info:    ... okay on input line 121.
LaTeX Font Info:    Checking defaults for OMS/cmsy/m/n on input line 121.
LaTeX Font Info:    ... okay on input line 121.
LaTeX Font Info:    Checking defaults for OMX/cmex/m/n on input line 121.
LaTeX Font Info:    ... okay on input line 121.
LaTeX Font Info:    Checking defaults for U/cmr/m/n on input line 121.
LaTeX Font Info:    ... okay on input line 121.
LaTeX Font Info:    Checking defaults for PD1/pdf/m/n on input line 121.
LaTeX Font Info:    ... okay on input line 121.
LaTeX Font Info:    Try loading font information for T1+ppl on input line 121.

("e:\Program Files (x86)\MiKTeX 2.8\tex\latex\psnfss\t1ppl.fd"
File: t1ppl.fd 2001/06/04 font definitions for T1/ppl.
)
*geometry* driver: auto-detecting
*geometry* detected driver: pdftex
*geometry* verbose mode - [ preamble ] result:
* driver: pdftex
* paper: a4paper
* layout: a4paper
* switch(es): 
* h-part:(L,W,R)=(42.67912pt, 512.14963pt, 42.67912pt)
* v-part:(T,H,B)=(28.45274pt, 788.14136pt, 28.45274pt)
* \paperwidth=597.50787pt
* \paperheight=845.04684pt
* \textwidth=512.14963pt
* \textheight=788.14136pt
* \oddsidemargin=-29.59087pt
* \evensidemargin=-29.59087pt
* \topmargin=-43.81725pt
* \headheight=0.0pt
* \headsep=0.0pt
* \footskip=0.0pt
* \marginparwidth=65.0pt
* \marginparsep=11.0pt
* \columnsep=0.0pt
* \skip\footins=9.0pt plus 4.0pt minus 2.0pt
* \hoffset=0.0pt
* \voffset=0.0pt
* \mag=1000
* \@twocolumnfalse
* \@twosidefalse
* \@mparswitchfalse
* \@reversemarginfalse
* (1in=72.27pt, 1cm=28.453pt)

("e:\Program Files (x86)\MiKTeX 2.8\tex\context\base\supp-pdf.tex"
[Loading MPS to PDF converter (version 2006.09.02).]
\scratchcounter=\count110
\scratchdimen=\dimen134
\scratchbox=\box33
\nofMPsegments=\count111
\nofMParguments=\count112
\everyMPshowfont=\toks23
\MPscratchCnt=\count113
\MPscratchDim=\dimen135
\MPnumerator=\count114
\everyMPtoPDFconversion=\toks24
)
\AtBeginShipoutBox=\box34
Package hyperref Info: Link coloring ON on input line 121.
 ("e:\Program Files (x86)\MiKTeX 2.8\tex\latex\hyperref\nameref.sty"
Package: nameref 2010/04/30 v2.40 Cross-referencing by name of section

("e:\Program Files (x86)\MiKTeX 2.8\tex\latex\oberdiek\refcount.sty"
Package: refcount 2008/08/11 v3.1 Data extraction from references (HO)
)
("e:\Program Files (x86)\MiKTeX 2.8\tex\generic\oberdiek\gettitlestring.sty"
Package: gettitlestring 2009/12/18 v1.3 Cleanup title references (HO)
)
\c@section@level=\count115
)
LaTeX Info: Redefining \ref on input line 121.
LaTeX Info: Redefining \pageref on input line 121.
LaTeX Info: Redefining \nameref on input line 121.

("F:\Gael\CVs latex\Latex Sources - Quant\CV.out")
("F:\Gael\CVs latex\Latex Sources - Quant\CV.out")
\@outlinefile=\write3
LaTeX Font Info:    Font shape `T1/ppl/bx/n' in size <12> not available
(Font)              Font shape `T1/ppl/b/n' tried instead on input line 122.
LaTeX Font Info:    Try loading font information for T1+pcr on input line 122.

("e:\Program Files (x86)\MiKTeX 2.8\tex\latex\psnfss\t1pcr.fd"
File: t1pcr.fd 2001/06/04 font definitions for T1/pcr.
)
Underfull \hbox (badness 10000) in paragraph at lines 122--122

 []

("F:\Gael\CVs latex\Latex Sources - Quant\quant_formation_en.tex"
("e:\Program Files (x86)\MiKTeX 2.8\tex\latex\psnfss\t1pag.fd")
("e:\Program Files (x86)\MiKTeX 2.8\tex\latex\psnfss\omsppl.fd"))
("F:\Gael\CVs latex\Latex Sources - Quant\quant_formation_en.tex")
("F:\Gael\CVs latex\Latex Sources - Quant\quant_formation_en.tex")
("F:\Gael\CVs latex\Latex Sources - Quant\quant_formation_en.tex"

Package longtable Warning: Column widths have changed
(longtable)                in table 1 on input line 30.

) ("F:\Gael\CVs latex\Latex Sources - Quant\quant_skills_en.tex")
("F:\Gael\CVs latex\Latex Sources - Quant\quant_skills_en.tex")
("F:\Gael\CVs latex\Latex Sources - Quant\quant_skills_en.tex")
("F:\Gael\CVs latex\Latex Sources - Quant\quant_skills_en.tex"

Package longtable Warning: Column widths have changed
(longtable)                in table 2 on input line 28.

) ("F:\Gael\CVs latex\Latex Sources - Quant\quant_experience_en.tex")
("F:\Gael\CVs latex\Latex Sources - Quant\quant_experience_en.tex")
("F:\Gael\CVs latex\Latex Sources - Quant\quant_experience_en.tex")
("F:\Gael\CVs latex\Latex Sources - Quant\quant_experience_en.tex"
Overfull \hbox (4.00919pt too wide) in paragraph at lines 39--56
[][]| 
 []


Package longtable Warning: Column widths have changed
(longtable)                in table 3 on input line 82.

) ("F:\Gael\CVs latex\Latex Sources - Quant\quant_divers_en.tex")
("F:\Gael\CVs latex\Latex Sources - Quant\quant_divers_en.tex")
("F:\Gael\CVs latex\Latex Sources - Quant\quant_divers_en.tex")
("F:\Gael\CVs latex\Latex Sources - Quant\quant_divers_en.tex"

Package longtable Warning: Column widths have changed
(longtable)                in table 4 on input line 15.

) [1

{C:/Users/gael/AppData/Local/MiKTeX/2.8/pdftex/config/pdftex.map}]
("F:\Gael\CVs latex\publications.tex") ("F:\Gael\CVs latex\publications.tex")
("F:\Gael\CVs latex\publications.tex") ("F:\Gael\CVs latex\publications.tex"

Package longtable Warning: Column widths have changed
(longtable)                in table 5 on input line 175.

)

Package longtable Warning: Table widths have changed. Rerun LaTeX.

Package atveryend Info: Empty hook `BeforeClearDocument' on input line 146.
[2]
Package atveryend Info: Empty hook `AfterLastShipout' on input line 146.
 ("F:\Gael\CVs latex\Latex Sources - Quant\CV.aux")
Package atveryend Info: Executing hook `AtVeryEndDocument' on input line 146.
Package rerunfilecheck Info: File `CV.out' has not changed.
(rerunfilecheck)             Checksum: D41D8CD98F00B204E9800998ECF8427E;0.
 ) 
Here is how much of TeX's memory you used:
 6456 strings out of 495276
 99064 string characters out of 3179864
 190115 words of memory out of 3000000
 9469 multiletter control sequences out of 15000+200000
 26976 words of font info for 38 fonts, out of 3000000 for 9000
 14 hyphenation exceptions out of 8191
 38i,14n,36p,216b,354s stack positions out of 5000i,500n,10000p,200000b,50000s
{e:/Program Files (x86)/MiKTeX 2.8/fonts/enc/dvips/fontname/8r.enc}<e:/Progra
m Files (x86)/MiKTeX 2.8/fonts/type1/public/amsfonts/cm/cmr10.pfb><e:/Program F
iles (x86)/MiKTeX 2.8/fonts/type1/public/amsfonts/cm/cmr7.pfb><e:/Program Files
 (x86)/MiKTeX 2.8/fonts/type1/public/amsfonts/cm/cmsy10.pfb><e:/Program Files (
x86)/MiKTeX 2.8/fonts/type1/public/amsfonts/cm/cmsy7.pfb><e:/Program Files (x86
)/MiKTeX 2.8/fonts/type1/urw/avantgar/uagd8a.pfb><e:/Program Files (x86)/MiKTeX
 2.8/fonts/type1/urw/avantgar/uagdo8a.pfb><e:/Program Files (x86)/MiKTeX 2.8/fo
nts/type1/urw/courier/ucrr8a.pfb><e:/Program Files (x86)/MiKTeX 2.8/fonts/type1
/urw/palatino/uplb8a.pfb><e:/Program Files (x86)/MiKTeX 2.8/fonts/type1/urw/pal
atino/uplbi8a.pfb><e:/Program Files (x86)/MiKTeX 2.8/fonts/type1/urw/palatino/u
plr8a.pfb><e:/Program Files (x86)/MiKTeX 2.8/fonts/type1/urw/palatino/uplri8a.p
fb>
Output written on CV.pdf (2 pages, 149906 bytes).
PDF statistics:
 76 PDF objects out of 1000 (max. 8388607)
 8 named destinations out of 1000 (max. 500000)
 1 words of extra memory for PDF output out of 10000 (max. 10000000)

